[2023-03-16 10:09:07.521653 +00:00] INFO [qsv::util] src/util.rs:617: START: luau map Rate (%),Amount with Tax,Running Total - Before Tax,Running Total - After Tax -x file:testlookup.luau testme.csv
[2023-03-16 10:09:07.539190 +00:00] INFO [qsv::cmd::luau] src/cmd/luau.rs:240: TIMEOUT: 15 secs
[2023-03-16 10:09:07.540808 +00:00] DEBUG [qsv::cmd::luau] src/cmd/luau.rs:276: begin_block_replace: "BEGIN {\n\n    running_total = 0;\n    running_total_after_tax = 0;\n    amount_table = {};\n    amount_table_with_salestax = {};\n\n    us_states_lookup_headers_table = qsv_register_lookup(\"us_states\", \"dathere://us-states-example.csv\")\n\n    qsv_log(\"debug\", \"us_states_lookup_headers:\", us_states_lookup_headers_table)\n    qsv_log(\"info\", \"us_states lookup table:\", us_states)\n    qsv_log(\"info\", `NY Capital: {us_states[\"NY\"][\"Capital\"]} can be also {us_states.NY.Capital} or {us_states[\"NY\"].Capital}`)\n\n    function sum(numbers_table: table): number\n        local sum: number = 0;\n        for _, v in ipairs(numbers_table) do\n            sum = sum + v;\n        end\n        return sum;\n    end\n    \n}!"
[2023-03-16 10:09:07.541500 +00:00] DEBUG [qsv::cmd::luau] src/cmd/luau.rs:293: MAIN script: "local amount_with_salestax: number = Amount + col[2] * (us_states[col[\"State\"]][\"Sales Tax (2023)\"] / 100);\namount_with_salestax = col[\"Amount\"] + col.Amount * (us_states[col.State][\"Sales Tax (2023)\"] / 100);\namount_with_salestax = col.Amount + Amount * (us_states[State][\"Sales Tax (2023)\"] / 100);\n\nlocal Rate: number = us_states[State][\"Sales Tax (2023)\"];\n\namount_table[_IDX] = Amount;\namount_table_with_salestax[_IDX] = amount_with_salestax;\nrunning_total = running_total + Amount;\nrunning_total_after_tax = running_total_after_tax + amount_with_salestax;\n\nrunning_total = string.format(\"%.2f\", running_total);\nlocal rounded_running_total_after_tax = string.format(\"%.2f\", running_total_after_tax);\n\nreturn {Rate, amount_with_salestax, running_total, rounded_running_total_after_tax};"
[2023-03-16 10:09:07.541531 +00:00] DEBUG [qsv::cmd::luau] src/cmd/luau.rs:315: BEGIN script: "running_total = 0;\n    running_total_after_tax = 0;\n    amount_table = {};\n    amount_table_with_salestax = {};\n\n    us_states_lookup_headers_table = qsv_register_lookup(\"us_states\", \"dathere://us-states-example.csv\")\n\n    qsv_log(\"debug\", \"us_states_lookup_headers:\", us_states_lookup_headers_table)\n    qsv_log(\"info\", \"us_states lookup table:\", us_states)\n    qsv_log(\"info\", `NY Capital: {us_states[\"NY\"][\"Capital\"]} can be also {us_states.NY.Capital} or {us_states[\"NY\"].Capital}`)\n\n    function sum(numbers_table: table): number\n        local sum: number = 0;\n        for _, v in ipairs(numbers_table) do\n            sum = sum + v;\n        end\n        return sum;\n    end"
[2023-03-16 10:09:07.541559 +00:00] DEBUG [qsv::cmd::luau] src/cmd/luau.rs:336: END script: "local min_amount: number = math.min(table.unpack(amount_table_with_salestax));\n    local max_amount: number = math.max(table.unpack(amount_table_with_salestax));\n    qsv_log(\"debug\", `min_amount: {min_amount} max_amount: {max_amount}`)\n\n    local grand_total_with_salestax = string.format(\"%.2f\",sum(amount_table_with_salestax));\n    local grand_total = string.format(\"%.2f\",sum(amount_table));\n\n    return `Min/Max: {min_amount}/{max_amount} Grand total of {_ROWCOUNT} rows: {grand_total}/{grand_total_with_salestax}`;"
[2023-03-16 10:09:07.541936 +00:00] INFO [qsv::cmd::luau] src/cmd/luau.rs:488: Compiling and executing BEGIN script.
[2023-03-16 10:09:07.542892 +00:00] DEBUG [reqwest::connect] /Users/johnsmith/.cargo/registry/src/github.com-djkasdjag90849231/reqwest-0.11.14/src/connect.rs:429: starting new connection: https://raw.githubusercontent.com/
[2023-03-16 10:09:07.543139 +00:00] DEBUG [hyper::client::connect::dns] /Users/johnsmith/.cargo/registry/src/github.com-djkasdjag90849231/hyper-0.14.25/src/client/connect/dns.rs:122: resolving host="raw.githubusercontent.com"
[2023-03-16 10:09:07.545048 +00:00] DEBUG [hyper::client::connect::http] /Users/johnsmith/.cargo/registry/src/github.com-djkasdjag90849231/hyper-0.14.25/src/client/connect/http.rs:537: connecting to [2606:50c0:8001::154]:443
[2023-03-16 10:09:07.556831 +00:00] DEBUG [hyper::client::connect::http] /Users/johnsmith/.cargo/registry/src/github.com-djkasdjag90849231/hyper-0.14.25/src/client/connect/http.rs:540: connected to [2606:50c0:8001::154]:443
[2023-03-16 10:09:07.556898 +00:00] DEBUG [rustls::client::hs] /Users/johnsmith/.cargo/registry/src/github.com-djkasdjag90849231/rustls-0.20.8/src/client/hs.rs:55: No cached session for DnsName(DnsName(DnsName("raw.githubusercontent.com")))
[2023-03-16 10:09:07.557035 +00:00] DEBUG [rustls::client::hs] /Users/johnsmith/.cargo/registry/src/github.com-djkasdjag90849231/rustls-0.20.8/src/client/hs.rs:127: Not resuming any session
[2023-03-16 10:09:07.570430 +00:00] DEBUG [rustls::client::hs] /Users/johnsmith/.cargo/registry/src/github.com-djkasdjag90849231/rustls-0.20.8/src/client/hs.rs:583: Using ciphersuite TLS13_AES_128_GCM_SHA256
[2023-03-16 10:09:07.570457 +00:00] DEBUG [rustls::client::tls13] /Users/johnsmith/.cargo/registry/src/github.com-djkasdjag90849231/rustls-0.20.8/src/client/tls13.rs:130: Not resuming
[2023-03-16 10:09:07.570728 +00:00] DEBUG [rustls::client::tls13] /Users/johnsmith/.cargo/registry/src/github.com-djkasdjag90849231/rustls-0.20.8/src/client/tls13.rs:395: TLS1.3 encrypted extensions: [ServerNameAck, Protocols([6832])]
[2023-03-16 10:09:07.570749 +00:00] DEBUG [rustls::client::hs] /Users/johnsmith/.cargo/registry/src/github.com-djkasdjag90849231/rustls-0.20.8/src/client/hs.rs:452: ALPN protocol is Some(b"h2")
[2023-03-16 10:09:07.571040 +00:00] DEBUG [rustls::client::tls13] /Users/johnsmith/.cargo/registry/src/github.com-djkasdjag90849231/rustls-0.20.8/src/client/tls13.rs:1050: Ticket saved
[2023-03-16 10:09:07.571101 +00:00] DEBUG [h2::client] /Users/johnsmith/.cargo/registry/src/github.com-djkasdjag90849231/h2-0.3.16/src/client.rs:1167: binding client connection
[2023-03-16 10:09:07.571141 +00:00] DEBUG [h2::client] /Users/johnsmith/.cargo/registry/src/github.com-djkasdjag90849231/h2-0.3.16/src/client.rs:1172: client connection bound
[2023-03-16 10:09:07.571175 +00:00] DEBUG [h2::codec::framed_write] /Users/johnsmith/.cargo/registry/src/github.com-djkasdjag90849231/h2-0.3.16/src/codec/framed_write.rs:232: send frame=Settings { flags: (0x0), enable_push: 0, initial_window_size: 65535, max_frame_size: 16384 }
[2023-03-16 10:09:07.571210 +00:00] DEBUG [h2::proto::connection] /Users/johnsmith/.cargo/registry/src/github.com-djkasdjag90849231/h2-0.3.16/src/proto/connection.rs:138: Connection; peer=Client
[2023-03-16 10:09:07.571321 +00:00] DEBUG [hyper::client::pool] /Users/johnsmith/.cargo/registry/src/github.com-djkasdjag90849231/hyper-0.14.25/src/client/pool.rs:376: pooling idle connection for ("https", raw.githubusercontent.com)
[2023-03-16 10:09:07.571418 +00:00] DEBUG [h2::codec::framed_write] /Users/johnsmith/.cargo/registry/src/github.com-djkasdjag90849231/h2-0.3.16/src/codec/framed_write.rs:232: send frame=Headers { stream_id: StreamId(1), flags: (0x5: END_HEADERS | END_STREAM) }
[2023-03-16 10:09:07.594966 +00:00] DEBUG [h2::codec::framed_read] /Users/johnsmith/.cargo/registry/src/github.com-djkasdjag90849231/h2-0.3.16/src/codec/framed_read.rs:354: received frame=Settings { flags: (0x0), max_concurrent_streams: 100 }
[2023-03-16 10:09:07.594993 +00:00] DEBUG [h2::codec::framed_write] /Users/johnsmith/.cargo/registry/src/github.com-djkasdjag90849231/h2-0.3.16/src/codec/framed_write.rs:232: send frame=Settings { flags: (0x1: ACK) }
[2023-03-16 10:09:07.595013 +00:00] DEBUG [h2::codec::framed_read] /Users/johnsmith/.cargo/registry/src/github.com-djkasdjag90849231/h2-0.3.16/src/codec/framed_read.rs:354: received frame=WindowUpdate { stream_id: StreamId(0), size_increment: 16711681 }
[2023-03-16 10:09:07.595043 +00:00] DEBUG [h2::codec::framed_read] /Users/johnsmith/.cargo/registry/src/github.com-djkasdjag90849231/h2-0.3.16/src/codec/framed_read.rs:354: received frame=Settings { flags: (0x1: ACK) }
[2023-03-16 10:09:07.595059 +00:00] DEBUG [h2::proto::settings] /Users/johnsmith/.cargo/registry/src/github.com-djkasdjag90849231/h2-0.3.16/src/proto/settings.rs:53: received settings ACK; applying Settings { flags: (0x0), enable_push: 0, initial_window_size: 65535, max_frame_size: 16384 }
[2023-03-16 10:09:07.597314 +00:00] DEBUG [h2::codec::framed_read] /Users/johnsmith/.cargo/registry/src/github.com-djkasdjag90849231/h2-0.3.16/src/codec/framed_read.rs:354: received frame=Headers { stream_id: StreamId(1), flags: (0x4: END_HEADERS) }
[2023-03-16 10:09:07.597352 +00:00] DEBUG [h2::codec::framed_read] /Users/johnsmith/.cargo/registry/src/github.com-djkasdjag90849231/h2-0.3.16/src/codec/framed_read.rs:354: received frame=Data { stream_id: StreamId(1), flags: (0x1: END_STREAM) }
[2023-03-16 10:09:07.597548 +00:00] DEBUG [h2::codec::framed_write] /Users/johnsmith/.cargo/registry/src/github.com-djkasdjag90849231/h2-0.3.16/src/codec/framed_write.rs:232: send frame=Ping { ack: false, payload: [59, 124, 219, 122, 11, 135, 22, 180] }
[2023-03-16 10:09:07.598885 +00:00] DEBUG [qsv::cmd::luau] src/cmd/luau.rs:1201: BEGIN: us_states_lookup_headers:[
  "Name",
  "Capital",
  "Population (2019)",
  "area (square miles)",
  "Sales Tax (2023)"
]
[2023-03-16 10:09:07.600045 +00:00] INFO [qsv::cmd::luau] src/cmd/luau.rs:1198: BEGIN: us_states lookup table:{
  "CA": {
    "Population (2019)": "39,512,223",
    "area (square miles)": "163,695",
    "Sales Tax (2023)": "7.5",
    "Capital": "Sacramento",
    "Name": "California"
  },
  "HI": {
    "Population (2019)": "1,415,872",
    "area (square miles)": "10,932",
    "Sales Tax (2023)": "4",
    "Capital": "Honolulu",
    "Name": "Hawaii"
  },
  "DE": {
    "Population (2019)": "973,764",
    "area (square miles)": "2,489",
    "Sales Tax (2023)": "0",
    "Capital": "Dover",
    "Name": "Delaware"
  },
  "MI": {
    "Population (2019)": "9,986,857",
    "area (square miles)": "96,714",
    "Sales Tax (2023)": "6",
    "Capital": "Lansing",
    "Name": "Michigan"
  },
  "WY": {
    "Population (2019)": "578,759",
    "area (square miles)": "97,813",
    "Sales Tax (2023)": "4",
    "Capital": "Cheyenne",
    "Name": "Wyoming"
  },
  "NE": {
    "Population (2019)": "1,934,408",
    "area (square miles)": "77,348",
    "Sales Tax (2023)": "5.5",
    "Capital": "Lincoln",
    "Name": "Nebraska"
  },
  "ME": {
    "Population (2019)": "1,344,212",
    "area (square miles)": "35,380",
    "Sales Tax (2023)": "5.5",
    "Capital": "Augusta",
    "Name": "Maine"
  },
  "IA": {
    "Population (2019)": "3,155,070",
    "area (square miles)": "56,273",
    "Sales Tax (2023)": "6",
    "Capital": "Des Moines",
    "Name": "Iowa"
  },
  "CO": {
    "Population (2019)": "5,758,736",
    "area (square miles)": "104,094",
    "Sales Tax (2023)": "2.9",
    "Capital": "Denver",
    "Name": "Colorado"
  },
  "MA": {
    "Population (2019)": "6,892,503",
    "area (square miles)": "10,554",
    "Sales Tax (2023)": "6.25",
    "Capital": "Boston",
    "Name": "Massachusetts[E]"
  },
  "LA": {
    "Population (2019)": "4,648,794",
    "area (square miles)": "52,378",
    "Sales Tax (2023)": "4",
    "Capital": "Baton Rouge",
    "Name": "Louisiana"
  },
  "SC": {
    "Population (2019)": "5,148,714",
    "area (square miles)": "32,020",
    "Sales Tax (2023)": "6",
    "Capital": "Columbia",
    "Name": "South Carolina"
  },
  "PA": {
    "Population (2019)": "12,801,989",
    "area (square miles)": "46,054",
    "Sales Tax (2023)": "6",
    "Capital": "Harrisburg",
    "Name": "Pennsylvania[E]"
  },
  "WA": {
    "Population (2019)": "7,614,893",
    "area (square miles)": "71,298",
    "Sales Tax (2023)": "6.5",
    "Capital": "Olympia",
    "Name": "Washington"
  },
  "VA": {
    "Population (2019)": "8,535,519",
    "area (square miles)": "42,775",
    "Sales Tax (2023)": "5.3",
    "Capital": "Richmond",
    "Name": "Virginia[E]"
  },
  "OK": {
    "Population (2019)": "3,956,971",
    "area (square miles)": "69,899",
    "Sales Tax (2023)": "4.5",
    "Capital": "Oklahoma City",
    "Name": "Oklahoma"
  },
  "MO": {
    "Population (2019)": "6,137,428",
    "area (square miles)": "69,707",
    "Sales Tax (2023)": "4.23",
    "Capital": "Jefferson City",
    "Name": "Missouri"
  },
  "KS": {
    "Population (2019)": "2,913,314",
    "area (square miles)": "82,278",
    "Sales Tax (2023)": "6.5",
    "Capital": "Topeka",
    "Name": "Kansas"
  },
  "RI": {
    "Population (2019)": "1,059,361",
    "area (square miles)": "1,545",
    "Sales Tax (2023)": "7",
    "Capital": "Providence",
    "Name": "Rhode Island[F]"
  },
  "IN": {
    "Population (2019)": "6,732,219",
    "area (square miles)": "36,420",
    "Sales Tax (2023)": "7",
    "Capital": "Indianapolis",
    "Name": "Indiana"
  },
  "IL": {
    "Population (2019)": "12,671,821",
    "area (square miles)": "57,914",
    "Sales Tax (2023)": "6.25",
    "Capital": "Springfield",
    "Name": "Illinois"
  },
  "OR": {
    "Population (2019)": "4,217,737",
    "area (square miles)": "98,379",
    "Sales Tax (2023)": "0",
    "Capital": "Salem",
    "Name": "Oregon"
  },
  "MT": {
    "Population (2019)": "1,068,778",
    "area (square miles)": "147,040",
    "Sales Tax (2023)": "0",
    "Capital": "Helena",
    "Name": "Montana"
  },
  "WI": {
    "Population (2019)": "5,822,434",
    "area (square miles)": "65,496",
    "Sales Tax (2023)": "5",
    "Capital": "Madison",
    "Name": "Wisconsin"
  },
  "WV": {
    "Population (2019)": "1,792,147",
    "area (square miles)": "24,230",
    "Sales Tax (2023)": "6",
    "Capital": "Charleston",
    "Name": "West Virginia"
  },
  "NV": {
    "Population (2019)": "3,080,156",
    "area (square miles)": "110,572",
    "Sales Tax (2023)": "6.85",
    "Capital": "Carson City",
    "Name": "Nevada"
  },
  "MD": {
    "Population (2019)": "6,045,680",
    "area (square miles)": "12,406",
    "Sales Tax (2023)": "6",
    "Capital": "Annapolis",
    "Name": "Maryland"
  },
  "ND": {
    "Population (2019)": "762,062",
    "area (square miles)": "70,698",
    "Sales Tax (2023)": "5",
    "Capital": "Bismarck",
    "Name": "North Dakota"
  },
  "AL": {
    "Population (2019)": "4,903,185",
    "area (square miles)": "52,420",
    "Sales Tax (2023)": "4",
    "Capital": "Montgomery",
    "Name": "Alabama"
  },
  "UT": {
    "Population (2019)": "3,205,958",
    "area (square miles)": "84,897",
    "Sales Tax (2023)": "5.95",
    "Capital": "Salt Lake City",
    "Name": "Utah"
  },
  "ID": {
    "Population (2019)": "1,787,065",
    "area (square miles)": "83,569",
    "Sales Tax (2023)": "6",
    "Capital": "Boise",
    "Name": "Idaho"
  },
  "VT": {
    "Population (2019)": "623,989",
    "area (square miles)": "9,616",
    "Sales Tax (2023)": "6",
    "Capital": "Montpelier",
    "Name": "Vermont"
  },
  "TX": {
    "Population (2019)": "28,995,881",
    "area (square miles)": "268,596",
    "Sales Tax (2023)": "6.25",
    "Capital": "Austin",
    "Name": "Texas"
  },
  "TN": {
    "Population (2019)": "6,829,174",
    "area (square miles)": "42,144",
    "Sales Tax (2023)": "7",
    "Capital": "Nashville",
    "Name": "Tennessee"
  },
  "NC": {
    "Population (2019)": "10,488,084",
    "area (square miles)": "53,819",
    "Sales Tax (2023)": "4.75",
    "Capital": "Raleigh",
    "Name": "North Carolina"
  },
  "AK": {
    "Population (2019)": "731,545",
    "area (square miles)": "665,384",
    "Sales Tax (2023)": "0",
    "Capital": "Juneau",
    "Name": "Alaska"
  },
  "SD": {
    "Population (2019)": "884,659",
    "area (square miles)": "77,116",
    "Sales Tax (2023)": "4",
    "Capital": "Pierre",
    "Name": "South Dakota"
  },
  "NY": {
    "Population (2019)": "19,453,561",
    "area (square miles)": "54,555",
    "Sales Tax (2023)": "4",
    "Capital": "Albany",
    "Name": "New York"
  },
  "GA": {
    "Population (2019)": "10,617,423",
    "area (square miles)": "59,425",
    "Sales Tax (2023)": "4",
    "Capital": "Atlanta",
    "Name": "Georgia"
  },
  "AR": {
    "Population (2019)": "3,017,804",
    "area (square miles)": "53,179",
    "Sales Tax (2023)": "6.5",
    "Capital": "Little Rock",
    "Name": "Arkansas"
  },
  "NM": {
    "Population (2019)": "2,096,829",
    "area (square miles)": "121,590",
    "Sales Tax (2023)": "5.13",
    "Capital": "Santa Fe",
    "Name": "New Mexico"
  },
  "KY": {
    "Population (2019)": "4,467,673",
    "area (square miles)": "40,408",
    "Sales Tax (2023)": "6",
    "Capital": "Frankfort",
    "Name": "Kentucky[E]"
  },
  "NJ": {
    "Population (2019)": "8,882,190",
    "area (square miles)": "8,723",
    "Sales Tax (2023)": "7",
    "Capital": "Trenton",
    "Name": "New Jersey"
  },
  "FL": {
    "Population (2019)": "21,477,737",
    "area (square miles)": "65,758",
    "Sales Tax (2023)": "6",
    "Capital": "Tallahassee",
    "Name": "Florida"
  },
  "NH": {
    "Population (2019)": "1,359,711",
    "area (square miles)": "9,349",
    "Sales Tax (2023)": "0",
    "Capital": "Concord",
    "Name": "New Hampshire"
  },
  "OH": {
    "Population (2019)": "11,689,100",
    "area (square miles)": "44,826",
    "Sales Tax (2023)": "5.75",
    "Capital": "Columbus",
    "Name": "Ohio"
  },
  "MN": {
    "Population (2019)": "5,639,632",
    "area (square miles)": "86,936",
    "Sales Tax (2023)": "6.88",
    "Capital": "St. Paul",
    "Name": "Minnesota"
  },
  "MS": {
    "Population (2019)": "2,976,149",
    "area (square miles)": "48,432",
    "Sales Tax (2023)": "7",
    "Capital": "Jackson",
    "Name": "Mississippi"
  },
  "CT": {
    "Population (2019)": "3,565,278",
    "area (square miles)": "5,543",
    "Sales Tax (2023)": "6.35",
    "Capital": "Hartford",
    "Name": "Connecticut"
  },
  "AZ": {
    "Population (2019)": "7,278,717",
    "area (square miles)": "113,990",
    "Sales Tax (2023)": "5.6",
    "Capital": "Phoenix",
    "Name": "Arizona"
  }
}
[2023-03-16 10:09:07.600085 +00:00] INFO [qsv::cmd::luau] src/cmd/luau.rs:1198: BEGIN: NY Capital: Albany can be also Albany or Albany
[2023-03-16 10:09:07.600101 +00:00] INFO [qsv::cmd::luau] src/cmd/luau.rs:499: BEGIN executed.
[2023-03-16 10:09:07.600560 +00:00] INFO [qsv::cmd::luau] src/cmd/luau.rs:665: Compiling and executing END script. _ROWCOUNT: 5
[2023-03-16 10:09:07.600695 +00:00] DEBUG [qsv::cmd::luau] src/cmd/luau.rs:1201: END: min_amount: 12.9 max_amount: 76.5
[2023-03-16 10:09:07.600721 +00:00] INFO [qsv::cmd::luau] src/cmd/luau.rs:695: Min/Max: 12.9/76.5 Grand total of 5 rows: 146.20/153.15
[2023-03-16 10:09:07.600833 +00:00] INFO [qsv::util] src/util.rs:935: END "luau map Rate (%),Amoun..." elapsed: 0.079584666
